0 info it worked if it ends with ok
1 verbose cli [ 'C:\\Users\\Kerem Goksel\\AppData\\Local\\.meteor\\packages\\meteor-tool\\1.3.2_4\\mt-os.windows.x86_32\\dev_bundle\\bin\\\\node.exe',
1 verbose cli   'C:\\Users\\Kerem Goksel\\AppData\\Local\\.meteor\\packages\\meteor-tool\\1.3.2_4\\mt-os.windows.x86_32\\dev_bundle\\lib\\node_modules\\npm\\bin\\npm-cli.js',
1 verbose cli   'install' ]
2 info using npm@2.14.22
3 info using node@v0.10.43
4 verbose readDependencies loading dependencies from C:\Users\Kerem Goksel\Code\adiuvo\package.json
5 error install Couldn't read dependencies
6 verbose stack Error: ENOENT, open 'C:\Users\Kerem Goksel\Code\adiuvo\package.json'
7 verbose cwd C:\Users\Kerem Goksel\Code\adiuvo
8 error Windows_NT 10.0.14342
9 error argv "C:\\Users\\Kerem Goksel\\AppData\\Local\\.meteor\\packages\\meteor-tool\\1.3.2_4\\mt-os.windows.x86_32\\dev_bundle\\bin\\\\node.exe" "C:\\Users\\Kerem Goksel\\AppData\\Local\\.meteor\\packages\\meteor-tool\\1.3.2_4\\mt-os.windows.x86_32\\dev_bundle\\lib\\node_modules\\npm\\bin\\npm-cli.js" "install"
10 error node v0.10.43
11 error npm  v2.14.22
12 error path C:\Users\Kerem Goksel\Code\adiuvo\package.json
13 error code ENOPACKAGEJSON
14 error errno 34
15 error package.json ENOENT, open 'C:\Users\Kerem Goksel\Code\adiuvo\package.json'
15 error package.json This is most likely not a problem with npm itself.
15 error package.json npm can't find a package.json file in your current directory.
16 verbose exit [ 34, true ]
